<?xml version="1.0" encoding="UTF-8"?>
<!-- Generated by org.testng.reporters.JUnitXMLReporter -->
<testsuite ignored="0" hostname="VaishnavPC" failures="1" tests="3" name="Car Loans" time="0.071" errors="0" timestamp="2021-03-31T07:23:35 IST">
  <testcase classname="test.Day1CarLoan" name="webCarLoan" time="0.008">
    <failure type="java.lang.AssertionError" message="expected [true] but found [false]">
      <![CDATA[java.lang.AssertionError: expected [true] but found [false]
at test.Day1CarLoan.webCarLoan(Day1CarLoan.java:15)
at java.base/java.util.ArrayList.forEach(ArrayList.java:1511)
... Removed 31 stack frames]]>
    </failure>
  </testcase> <!-- webCarLoan -->
  <testcase classname="test.Day1CarLoan" name="mobileCarLoan" time="0.004"/>
  <testcase classname="test.Day1CarLoan" name="apiCarLoan" time="0.0">
    <skipped/>
  </testcase> <!-- apiCarLoan -->
</testsuite> <!-- Car Loans -->
